<?xml version="1.0" encoding="UTF-8"?>
<testExecutions version="1">
    <file path="/Users/user/repo/java-patterns/packages/contributors/tests/simple.test.ts">
        <testCase name="Test Suite one of my .only test" duration="4"/>
        <testCase name="Test Suite other of my .only test" duration="6"/>
        <testCase name="Test Suite my only true test" duration="0"/>
    </file>
</testExecutions>